<?xml version="1.0" encoding="UTF-8"?>
<!-- Generated by org.testng.reporters.JUnitReportReporter -->
<testsuite hostname="LIN41006202" failures="0" tests="3" name="testrunner.HomeLoansPage_TestRunner" time="101.129" errors="0" timestamp="2023-06-08T14:32:53 IST" skipped="0">
  <testcase classname="testrunner.HomeLoansPage_TestRunner" name="runScenario" time="31.822"/>
  <system-out/>
  <testcase classname="testrunner.HomeLoansPage_TestRunner" name="runScenario" time="30.095"/>
  <system-out/>
  <testcase classname="testrunner.HomeLoansPage_TestRunner" name="runScenario" time="39.212"/>
  <system-out/>
</testsuite> <!-- testrunner.HomeLoansPage_TestRunner -->
