<?xml version="1.0" encoding="UTF-8"?>
<!-- Generated by org.testng.reporters.JUnitReportReporter -->
<testsuite hostname="LIN41006202" failures="0" tests="2" name="testrunner.HomeLoans2testRunner" time="52.942" errors="0" timestamp="2023-06-08T14:41:18 IST" skipped="0">
  <testcase classname="testrunner.HomeLoans2testRunner" name="runScenario" time="27.025"/>
  <system-out/>
  <testcase classname="testrunner.HomeLoans2testRunner" name="runScenario" time="25.917"/>
  <system-out/>
</testsuite> <!-- testrunner.HomeLoans2testRunner -->
